<?xml version="1.0" encoding="UTF-8"?>
<!-- Generated by org.testng.reporters.JUnitXMLReporter -->
<testsuite hostname="DESKTOP-KF37VH8" ignored="0" name="SmokeTest" tests="11" failures="1" timestamp="2020-01-11T10:18:48 EST" time="97.249" errors="0">
  <testcase name="VerifyCharecterinPW" time="1.476" classname="E2EProject.NegativeLoginTest"/>
  <testcase name="VerifyInvalidPWblanks" time="1.355" classname="E2EProject.NegativeLoginTest">
    <failure type="java.lang.AssertionError" message="Failed to login: Invalid username or password expected [true] but found [false]">
      <![CDATA[java.lang.AssertionError: Failed to login: Invalid username or password expected [true] but found [false]
at E2EProject.NegativeLoginTest.VerifyInvalidPWblanks(NegativeLoginTest.java:90)
at java.util.ArrayList.forEach(Unknown Source)
... Removed 30 stack frames]]>
    </failure>
  </testcase> <!-- VerifyInvalidPWblanks -->
  <testcase name="VerifyInvalidUserName" time="1.238" classname="E2EProject.NegativeLoginTest"/>
  <testcase name="VerifyNumberPW" time="1.319" classname="E2EProject.NegativeLoginTest"/>
  <testcase name="VerifyNumberinUserID" time="1.251" classname="E2EProject.NegativeLoginTest"/>
  <testcase name="VerifyUserNamrEmty" time="1.231" classname="E2EProject.NegativeLoginTest"/>
  <testcase name="VerifyUsernamePWblanks" time="1.236" classname="E2EProject.NegativeLoginTest"/>
  <testcase name="verifyInvalidPW" time="1.512" classname="E2EProject.NegativeLoginTest"/>
  <testcase name="verifyValidLoginTest" time="0.025" classname="E2EProject.TitleTest"/>
  <testcase name="LogOutTest" time="6.165" classname="E2EProject.ValidLoginTest"/>
  <testcase name="verifyValidLoginTest" time="1.33" classname="E2EProject.ValidLoginTest"/>
</testsuite> <!-- SmokeTest -->
