<?xml version="1.0" encoding="UTF-8"?>
<!-- Generated by org.testng.reporters.JUnitXMLReporter -->
<testsuite hostname="DESKTOP-KF37VH8" ignored="0" name="Test" tests="11" failures="1" timestamp="2020-01-11T10:10:17 EST" time="95.727" errors="0">
  <testcase name="VerifyCharecterinPW" time="1.511" classname="E2EProject.NegativeLoginTest"/>
  <testcase name="VerifyInvalidPWblanks" time="1.216" classname="E2EProject.NegativeLoginTest">
    <failure type="java.lang.AssertionError" message="Failed to login: Invalid username or password expected [true] but found [false]">
      <![CDATA[java.lang.AssertionError: Failed to login: Invalid username or password expected [true] but found [false]
at E2EProject.NegativeLoginTest.VerifyInvalidPWblanks(NegativeLoginTest.java:90)
at java.util.ArrayList.forEach(Unknown Source)
... Removed 30 stack frames]]>
    </failure>
  </testcase> <!-- VerifyInvalidPWblanks -->
  <testcase name="VerifyInvalidUserName" time="1.418" classname="E2EProject.NegativeLoginTest"/>
  <testcase name="VerifyNumberPW" time="1.367" classname="E2EProject.NegativeLoginTest"/>
  <testcase name="VerifyNumberinUserID" time="1.378" classname="E2EProject.NegativeLoginTest"/>
  <testcase name="VerifyUserNamrEmty" time="1.299" classname="E2EProject.NegativeLoginTest"/>
  <testcase name="VerifyUsernamePWblanks" time="1.048" classname="E2EProject.NegativeLoginTest"/>
  <testcase name="verifyInvalidPW" time="1.179" classname="E2EProject.NegativeLoginTest"/>
  <testcase name="verifyValidLoginTest" time="0.022" classname="E2EProject.TitleTest"/>
  <testcase name="LogOutTest" time="7.316" classname="E2EProject.ValidLoginTest"/>
  <testcase name="verifyValidLoginTest" time="1.329" classname="E2EProject.ValidLoginTest"/>
</testsuite> <!-- Test -->
