<?xml version="1.0" encoding="UTF-8"?>
<!-- Generated by org.testng.reporters.JUnitXMLReporter -->
<testsuite ignored="0" hostname="DESKTOP-KF37VH8" failures="1" tests="11" name="Command line test" time="100.764" errors="0" timestamp="2020-01-11T10:14:52 EST">
  <testcase classname="E2EProject.NegativeLoginTest" name="VerifyCharecterinPW" time="1.355"/>
  <testcase classname="E2EProject.NegativeLoginTest" name="VerifyInvalidPWblanks" time="1.371">
    <failure type="java.lang.AssertionError" message="Failed to login: Invalid username or password expected [true] but found [false]">
      <![CDATA[java.lang.AssertionError: Failed to login: Invalid username or password expected [true] but found [false]
at E2EProject.NegativeLoginTest.VerifyInvalidPWblanks(NegativeLoginTest.java:90)
at java.base/java.util.ArrayList.forEach(ArrayList.java:1540)
... Removed 40 stack frames]]>
    </failure>
  </testcase> <!-- VerifyInvalidPWblanks -->
  <testcase classname="E2EProject.NegativeLoginTest" name="VerifyInvalidUserName" time="1.401"/>
  <testcase classname="E2EProject.NegativeLoginTest" name="VerifyNumberPW" time="1.479"/>
  <testcase classname="E2EProject.NegativeLoginTest" name="VerifyNumberinUserID" time="1.284"/>
  <testcase classname="E2EProject.NegativeLoginTest" name="VerifyUserNamrEmty" time="1.451"/>
  <testcase classname="E2EProject.NegativeLoginTest" name="VerifyUsernamePWblanks" time="1.138"/>
  <testcase classname="E2EProject.NegativeLoginTest" name="verifyInvalidPW" time="1.232"/>
  <testcase classname="E2EProject.TitleTest" name="verifyValidLoginTest" time="0.022"/>
  <testcase classname="E2EProject.ValidLoginTest" name="LogOutTest" time="8.479"/>
  <testcase classname="E2EProject.ValidLoginTest" name="verifyValidLoginTest" time="1.191"/>
</testsuite> <!-- Command line test -->
