<?xml version="1.0" encoding="UTF-8"?>
<!-- Generated by org.testng.reporters.JUnitXMLReporter -->
<testsuite ignored="0" hostname="DESKTOP-KF37VH8" failures="1" tests="11" name="SmokeTest" time="94.069" errors="0" timestamp="2020-01-11T10:29:49 EST">
  <testcase classname="E2EProject.NegativeLoginTest" name="VerifyCharecterinPW" time="1.331"/>
  <testcase classname="E2EProject.NegativeLoginTest" name="VerifyInvalidPWblanks" time="1.427">
    <failure type="java.lang.AssertionError" message="Failed to login: Invalid username or password expected [true] but found [false]">
      <![CDATA[java.lang.AssertionError: Failed to login: Invalid username or password expected [true] but found [false]
at E2EProject.NegativeLoginTest.VerifyInvalidPWblanks(NegativeLoginTest.java:90)
at java.base/java.util.ArrayList.forEach(ArrayList.java:1540)
... Removed 34 stack frames]]>
    </failure>
  </testcase> <!-- VerifyInvalidPWblanks -->
  <testcase classname="E2EProject.NegativeLoginTest" name="VerifyInvalidUserName" time="1.275"/>
  <testcase classname="E2EProject.NegativeLoginTest" name="VerifyNumberPW" time="1.402"/>
  <testcase classname="E2EProject.NegativeLoginTest" name="VerifyNumberinUserID" time="1.193"/>
  <testcase classname="E2EProject.NegativeLoginTest" name="VerifyUserNamrEmty" time="1.239"/>
  <testcase classname="E2EProject.NegativeLoginTest" name="VerifyUsernamePWblanks" time="1.188"/>
  <testcase classname="E2EProject.NegativeLoginTest" name="verifyInvalidPW" time="1.437"/>
  <testcase classname="E2EProject.TitleTest" name="verifyValidLoginTest" time="0.01"/>
  <testcase classname="E2EProject.ValidLoginTest" name="LogOutTest" time="6.571"/>
  <testcase classname="E2EProject.ValidLoginTest" name="verifyValidLoginTest" time="1.185"/>
</testsuite> <!-- SmokeTest -->
