<?xml version="1.0" encoding="UTF-8"?>
<testsuite xmlns:xsi="http://www.w3.org/2001/XMLSchema-instance" xsi:noNamespaceSchemaLocation="https://maven.apache.org/surefire/maven-surefire-plugin/xsd/surefire-test-report-3.0.xsd" version="3.0" name="TestSuite" time="95.709" tests="11" errors="0" skipped="0" failures="1">
  <properties>
[...]
</properties>
  <testcase name="VerifyCharecterinPW" classname="E2EProject.NegativeLoginTest" time="1.333"/>
  <testcase name="VerifyInvalidPWblanks" classname="E2EProject.NegativeLoginTest" time="1.429">
    <failure message="Failed to login: Invalid username or password expected [true] but found [false]" type="java.lang.AssertionError"><![CDATA[java.lang.AssertionError: Failed to login: Invalid username or password expected [true] but found [false]
	at E2EProject.NegativeLoginTest.VerifyInvalidPWblanks(NegativeLoginTest.java:90)
]]></failure>
    <system-out><![CDATA[Failed to login: Invalid username or password
]]></system-out>
    <system-err><![CDATA[Starting ChromeDriver 79.0.3945.36 (3582db32b33893869b8c1339e8f4d9ed1816f143-refs/branch-heads/3945@{#614}) on port 43337
Only local connections are allowed.
Please protect ports used by ChromeDriver and related test frameworks to prevent access by malicious code.
Jan 11, 2020 10:28:26 AM org.openqa.selenium.remote.ProtocolHandshake createSession
INFO: Detected dialect: W3C
]]></system-err>
  </testcase>
  <testcase name="VerifyInvalidUserName" classname="E2EProject.NegativeLoginTest" time="1.277"/>
  <testcase name="VerifyNumberPW" classname="E2EProject.NegativeLoginTest" time="1.406"/>
  <testcase name="VerifyNumberinUserID" classname="E2EProject.NegativeLoginTest" time="1.195"/>
  <testcase name="VerifyUserNamrEmty" classname="E2EProject.NegativeLoginTest" time="1.241"/>
  <testcase name="VerifyUsernamePWblanks" classname="E2EProject.NegativeLoginTest" time="1.192"/>
  <testcase name="verifyInvalidPW" classname="E2EProject.NegativeLoginTest" time="1.438"/>
  <testcase name="verifyValidLoginTest" classname="E2EProject.TitleTest" time="0.013"/>
  <testcase name="LogOutTest" classname="E2EProject.ValidLoginTest" time="6.57"/>
  <testcase name="verifyValidLoginTest" classname="E2EProject.ValidLoginTest" time="1.182"/>
</testsuite>