-------------------------------------------------------------------------------
Test set: TestSuite
-------------------------------------------------------------------------------
Tests run: 11, Failures: 1, Errors: 0, Skipped: 0, Time elapsed: 95.709 s <<< FAILURE! - in TestSuite
E2EProject.NegativeLoginTest.VerifyInvalidPWblanks  Time elapsed: 1.429 s  <<< FAILURE!
java.lang.AssertionError: Failed to login: Invalid username or password expected [true] but found [false]
	at E2EProject.NegativeLoginTest.VerifyInvalidPWblanks(NegativeLoginTest.java:90)

